<?xml version="1.0" encoding="UTF-8"?>
<!-- Generated by org.testng.reporters.JUnitReportReporter -->
<testsuite hostname="DESKTOP-1CCS179" failures="0" tests="1" name="com.opencart.testLayer.AddressTest" time="17.976" errors="0" timestamp="2023-09-27T09:47:26 IST" skipped="0">
  <testcase classname="com.opencart.testLayer.AddressTest" name="validateAddingNewAddressbyProvidingOnlyMandatoryfields" time="17.976"/>
  <system-out/>
</testsuite> <!-- com.opencart.testLayer.AddressTest -->
